<?xml version="1.0" encoding="UTF-8"?>
<testsuite xmlns:xsi="http://www.w3.org/2001/XMLSchema-instance" xsi:noNamespaceSchemaLocation="https://maven.apache.org/surefire/maven-surefire-plugin/xsd/surefire-test-report.xsd" name="com.devops.monitoring.monitoringApplicationTests" time="4.836" tests="1" errors="0" skipped="0" failures="0">
  <properties>
    <property name="awt.toolkit" value="sun.awt.X11.XToolkit"/>
    <property name="java.specification.version" value="11"/>
    <property name="sun.cpu.isalist" value=""/>
    <property name="sun.jnu.encoding" value="UTF-8"/>
    <property name="java.class.path" value="/var/lib/jenkins/workspace/projet10/target/test-classes:/var/lib/jenkins/workspace/projet10/target/classes:/var/lib/jenkins/.m2/repository/org/springframework/boot/spring-boot-starter-data-rest/2.1.5.RELEASE/spring-boot-starter-data-rest-2.1.5.RELEASE.jar:/var/lib/jenkins/.m2/repository/org/springframework/data/spring-data-rest-webmvc/3.1.8.RELEASE/spring-data-rest-webmvc-3.1.8.RELEASE.jar:/var/lib/jenkins/.m2/repository/org/springframework/data/spring-data-rest-core/3.1.8.RELEASE/spring-data-rest-core-3.1.8.RELEASE.jar:/var/lib/jenkins/.m2/repository/org/springframework/spring-tx/5.1.7.RELEASE/spring-tx-5.1.7.RELEASE.jar:/var/lib/jenkins/.m2/repository/org/springframework/hateoas/spring-hateoas/0.25.1.RELEASE/spring-hateoas-0.25.1.RELEASE.jar:/var/lib/jenkins/.m2/repository/org/springframework/data/spring-data-commons/2.1.8.RELEASE/spring-data-commons-2.1.8.RELEASE.jar:/var/lib/jenkins/.m2/repository/org/springframework/plugin/spring-plugin-core/1.2.0.RELEASE/spring-plugin-core-1.2.0.RELEASE.jar:/var/lib/jenkins/.m2/repository/org/atteo/evo-inflector/1.2.2/evo-inflector-1.2.2.jar:/var/lib/jenkins/.m2/repository/com/fasterxml/jackson/core/jackson-databind/2.9.8/jackson-databind-2.9.8.jar:/var/lib/jenkins/.m2/repository/com/fasterxml/jackson/core/jackson-core/2.9.8/jackson-core-2.9.8.jar:/var/lib/jenkins/.m2/repository/com/fasterxml/jackson/core/jackson-annotations/2.9.0/jackson-annotations-2.9.0.jar:/var/lib/jenkins/.m2/repository/org/slf4j/slf4j-api/1.7.26/slf4j-api-1.7.26.jar:/var/lib/jenkins/.m2/repository/org/springframework/boot/spring-boot-starter-freemarker/2.1.5.RELEASE/spring-boot-starter-freemarker-2.1.5.RELEASE.jar:/var/lib/jenkins/.m2/repository/org/springframework/boot/spring-boot-starter/2.1.5.RELEASE/spring-boot-starter-2.1.5.RELEASE.jar:/var/lib/jenkins/.m2/repository/org/springframework/boot/spring-boot-starter-logging/2.1.5.RELEASE/spring-boot-starter-logging-2.1.5.RELEASE.jar:/var/lib/jenkins/.m2/repository/ch/qos/logback/logback-classic/1.2.3/logback-classic-1.2.3.jar:/var/lib/jenkins/.m2/repository/ch/qos/logback/logback-core/1.2.3/logback-core-1.2.3.jar:/var/lib/jenkins/.m2/repository/org/apache/logging/log4j/log4j-to-slf4j/2.11.2/log4j-to-slf4j-2.11.2.jar:/var/lib/jenkins/.m2/repository/org/apache/logging/log4j/log4j-api/2.11.2/log4j-api-2.11.2.jar:/var/lib/jenkins/.m2/repository/org/slf4j/jul-to-slf4j/1.7.26/jul-to-slf4j-1.7.26.jar:/var/lib/jenkins/.m2/repository/javax/annotation/javax.annotation-api/1.3.2/javax.annotation-api-1.3.2.jar:/var/lib/jenkins/.m2/repository/org/yaml/snakeyaml/1.23/snakeyaml-1.23.jar:/var/lib/jenkins/.m2/repository/org/freemarker/freemarker/2.3.28/freemarker-2.3.28.jar:/var/lib/jenkins/.m2/repository/org/springframework/spring-context-support/5.1.7.RELEASE/spring-context-support-5.1.7.RELEASE.jar:/var/lib/jenkins/.m2/repository/org/springframework/spring-beans/5.1.7.RELEASE/spring-beans-5.1.7.RELEASE.jar:/var/lib/jenkins/.m2/repository/org/springframework/spring-context/5.1.7.RELEASE/spring-context-5.1.7.RELEASE.jar:/var/lib/jenkins/.m2/repository/org/springframework/boot/spring-boot-starter-thymeleaf/2.1.5.RELEASE/spring-boot-starter-thymeleaf-2.1.5.RELEASE.jar:/var/lib/jenkins/.m2/repository/org/thymeleaf/thymeleaf-spring5/3.0.11.RELEASE/thymeleaf-spring5-3.0.11.RELEASE.jar:/var/lib/jenkins/.m2/repository/org/thymeleaf/thymeleaf/3.0.11.RELEASE/thymeleaf-3.0.11.RELEASE.jar:/var/lib/jenkins/.m2/repository/org/attoparser/attoparser/2.0.5.RELEASE/attoparser-2.0.5.RELEASE.jar:/var/lib/jenkins/.m2/repository/org/unbescape/unbescape/1.1.6.RELEASE/unbescape-1.1.6.RELEASE.jar:/var/lib/jenkins/.m2/repository/org/thymeleaf/extras/thymeleaf-extras-java8time/3.0.4.RELEASE/thymeleaf-extras-java8time-3.0.4.RELEASE.jar:/var/lib/jenkins/.m2/repository/org/springframework/boot/spring-boot-starter-web/2.1.5.RELEASE/spring-boot-starter-web-2.1.5.RELEASE.jar:/var/lib/jenkins/.m2/repository/org/springframework/boot/spring-boot-starter-json/2.1.5.RELEASE/spring-boot-starter-json-2.1.5.RELEASE.jar:/var/lib/jenkins/.m2/repository/com/fasterxml/jackson/datatype/jackson-datatype-jdk8/2.9.8/jackson-datatype-jdk8-2.9.8.jar:/var/lib/jenkins/.m2/repository/com/fasterxml/jackson/datatype/jackson-datatype-jsr310/2.9.8/jackson-datatype-jsr310-2.9.8.jar:/var/lib/jenkins/.m2/repository/com/fasterxml/jackson/module/jackson-module-parameter-names/2.9.8/jackson-module-parameter-names-2.9.8.jar:/var/lib/jenkins/.m2/repository/org/springframework/boot/spring-boot-starter-tomcat/2.1.5.RELEASE/spring-boot-starter-tomcat-2.1.5.RELEASE.jar:/var/lib/jenkins/.m2/repository/org/apache/tomcat/embed/tomcat-embed-core/9.0.19/tomcat-embed-core-9.0.19.jar:/var/lib/jenkins/.m2/repository/org/apache/tomcat/embed/tomcat-embed-el/9.0.19/tomcat-embed-el-9.0.19.jar:/var/lib/jenkins/.m2/repository/org/apache/tomcat/embed/tomcat-embed-websocket/9.0.19/tomcat-embed-websocket-9.0.19.jar:/var/lib/jenkins/.m2/repository/org/hibernate/validator/hibernate-validator/6.0.16.Final/hibernate-validator-6.0.16.Final.jar:/var/lib/jenkins/.m2/repository/javax/validation/validation-api/2.0.1.Final/validation-api-2.0.1.Final.jar:/var/lib/jenkins/.m2/repository/org/jboss/logging/jboss-logging/3.3.2.Final/jboss-logging-3.3.2.Final.jar:/var/lib/jenkins/.m2/repository/com/fasterxml/classmate/1.4.0/classmate-1.4.0.jar:/var/lib/jenkins/.m2/repository/org/springframework/spring-web/5.1.7.RELEASE/spring-web-5.1.7.RELEASE.jar:/var/lib/jenkins/.m2/repository/org/springframework/spring-webmvc/5.1.7.RELEASE/spring-webmvc-5.1.7.RELEASE.jar:/var/lib/jenkins/.m2/repository/org/springframework/spring-aop/5.1.7.RELEASE/spring-aop-5.1.7.RELEASE.jar:/var/lib/jenkins/.m2/repository/org/springframework/spring-expression/5.1.7.RELEASE/spring-expression-5.1.7.RELEASE.jar:/var/lib/jenkins/.m2/repository/org/springframework/boot/spring-boot-devtools/2.1.5.RELEASE/spring-boot-devtools-2.1.5.RELEASE.jar:/var/lib/jenkins/.m2/repository/org/springframework/boot/spring-boot/2.1.5.RELEASE/spring-boot-2.1.5.RELEASE.jar:/var/lib/jenkins/.m2/repository/org/springframework/boot/spring-boot-autoconfigure/2.1.5.RELEASE/spring-boot-autoconfigure-2.1.5.RELEASE.jar:/var/lib/jenkins/.m2/repository/org/projectlombok/lombok/1.18.8/lombok-1.18.8.jar:/var/lib/jenkins/.m2/repository/org/springframework/boot/spring-boot-starter-test/2.1.5.RELEASE/spring-boot-starter-test-2.1.5.RELEASE.jar:/var/lib/jenkins/.m2/repository/org/springframework/boot/spring-boot-test/2.1.5.RELEASE/spring-boot-test-2.1.5.RELEASE.jar:/var/lib/jenkins/.m2/repository/org/springframework/boot/spring-boot-test-autoconfigure/2.1.5.RELEASE/spring-boot-test-autoconfigure-2.1.5.RELEASE.jar:/var/lib/jenkins/.m2/repository/com/jayway/jsonpath/json-path/2.4.0/json-path-2.4.0.jar:/var/lib/jenkins/.m2/repository/net/minidev/json-smart/2.3/json-smart-2.3.jar:/var/lib/jenkins/.m2/repository/net/minidev/accessors-smart/1.2/accessors-smart-1.2.jar:/var/lib/jenkins/.m2/repository/org/ow2/asm/asm/5.0.4/asm-5.0.4.jar:/var/lib/jenkins/.m2/repository/junit/junit/4.12/junit-4.12.jar:/var/lib/jenkins/.m2/repository/org/assertj/assertj-core/3.11.1/assertj-core-3.11.1.jar:/var/lib/jenkins/.m2/repository/org/mockito/mockito-core/2.23.4/mockito-core-2.23.4.jar:/var/lib/jenkins/.m2/repository/net/bytebuddy/byte-buddy/1.9.12/byte-buddy-1.9.12.jar:/var/lib/jenkins/.m2/repository/net/bytebuddy/byte-buddy-agent/1.9.12/byte-buddy-agent-1.9.12.jar:/var/lib/jenkins/.m2/repository/org/objenesis/objenesis/2.6/objenesis-2.6.jar:/var/lib/jenkins/.m2/repository/org/hamcrest/hamcrest-core/1.3/hamcrest-core-1.3.jar:/var/lib/jenkins/.m2/repository/org/hamcrest/hamcrest-library/1.3/hamcrest-library-1.3.jar:/var/lib/jenkins/.m2/repository/org/skyscreamer/jsonassert/1.5.0/jsonassert-1.5.0.jar:/var/lib/jenkins/.m2/repository/com/vaadin/external/google/android-json/0.0.20131108.vaadin1/android-json-0.0.20131108.vaadin1.jar:/var/lib/jenkins/.m2/repository/org/springframework/spring-core/5.1.7.RELEASE/spring-core-5.1.7.RELEASE.jar:/var/lib/jenkins/.m2/repository/org/springframework/spring-jcl/5.1.7.RELEASE/spring-jcl-5.1.7.RELEASE.jar:/var/lib/jenkins/.m2/repository/org/springframework/spring-test/5.1.7.RELEASE/spring-test-5.1.7.RELEASE.jar:/var/lib/jenkins/.m2/repository/org/xmlunit/xmlunit-core/2.6.2/xmlunit-core-2.6.2.jar:/var/lib/jenkins/.m2/repository/javax/xml/bind/jaxb-api/2.3.1/jaxb-api-2.3.1.jar:/var/lib/jenkins/.m2/repository/javax/activation/javax.activation-api/1.2.0/javax.activation-api-1.2.0.jar:"/>
    <property name="java.vm.vendor" value="Ubuntu"/>
    <property name="sun.arch.data.model" value="64"/>
    <property name="java.vendor.url" value="https://ubuntu.com/"/>
    <property name="user.timezone" value=""/>
    <property name="java.vm.specification.version" value="11"/>
    <property name="os.name" value="Linux"/>
    <property name="sun.java.launcher" value="SUN_STANDARD"/>
    <property name="sun.boot.library.path" value="/usr/lib/jvm/java-11-openjdk-amd64/lib"/>
    <property name="sun.java.command" value="/var/lib/jenkins/workspace/projet10/target/surefire/surefirebooter11477715414626245350.jar /var/lib/jenkins/workspace/projet10/target/surefire 2022-10-10T02-21-21_360-jvmRun1 surefire9217621031035743652tmp surefire_05708883335743126630tmp"/>
    <property name="jdk.debug" value="release"/>
    <property name="surefire.test.class.path" value="/var/lib/jenkins/workspace/projet10/target/test-classes:/var/lib/jenkins/workspace/projet10/target/classes:/var/lib/jenkins/.m2/repository/org/springframework/boot/spring-boot-starter-data-rest/2.1.5.RELEASE/spring-boot-starter-data-rest-2.1.5.RELEASE.jar:/var/lib/jenkins/.m2/repository/org/springframework/data/spring-data-rest-webmvc/3.1.8.RELEASE/spring-data-rest-webmvc-3.1.8.RELEASE.jar:/var/lib/jenkins/.m2/repository/org/springframework/data/spring-data-rest-core/3.1.8.RELEASE/spring-data-rest-core-3.1.8.RELEASE.jar:/var/lib/jenkins/.m2/repository/org/springframework/spring-tx/5.1.7.RELEASE/spring-tx-5.1.7.RELEASE.jar:/var/lib/jenkins/.m2/repository/org/springframework/hateoas/spring-hateoas/0.25.1.RELEASE/spring-hateoas-0.25.1.RELEASE.jar:/var/lib/jenkins/.m2/repository/org/springframework/data/spring-data-commons/2.1.8.RELEASE/spring-data-commons-2.1.8.RELEASE.jar:/var/lib/jenkins/.m2/repository/org/springframework/plugin/spring-plugin-core/1.2.0.RELEASE/spring-plugin-core-1.2.0.RELEASE.jar:/var/lib/jenkins/.m2/repository/org/atteo/evo-inflector/1.2.2/evo-inflector-1.2.2.jar:/var/lib/jenkins/.m2/repository/com/fasterxml/jackson/core/jackson-databind/2.9.8/jackson-databind-2.9.8.jar:/var/lib/jenkins/.m2/repository/com/fasterxml/jackson/core/jackson-core/2.9.8/jackson-core-2.9.8.jar:/var/lib/jenkins/.m2/repository/com/fasterxml/jackson/core/jackson-annotations/2.9.0/jackson-annotations-2.9.0.jar:/var/lib/jenkins/.m2/repository/org/slf4j/slf4j-api/1.7.26/slf4j-api-1.7.26.jar:/var/lib/jenkins/.m2/repository/org/springframework/boot/spring-boot-starter-freemarker/2.1.5.RELEASE/spring-boot-starter-freemarker-2.1.5.RELEASE.jar:/var/lib/jenkins/.m2/repository/org/springframework/boot/spring-boot-starter/2.1.5.RELEASE/spring-boot-starter-2.1.5.RELEASE.jar:/var/lib/jenkins/.m2/repository/org/springframework/boot/spring-boot-starter-logging/2.1.5.RELEASE/spring-boot-starter-logging-2.1.5.RELEASE.jar:/var/lib/jenkins/.m2/repository/ch/qos/logback/logback-classic/1.2.3/logback-classic-1.2.3.jar:/var/lib/jenkins/.m2/repository/ch/qos/logback/logback-core/1.2.3/logback-core-1.2.3.jar:/var/lib/jenkins/.m2/repository/org/apache/logging/log4j/log4j-to-slf4j/2.11.2/log4j-to-slf4j-2.11.2.jar:/var/lib/jenkins/.m2/repository/org/apache/logging/log4j/log4j-api/2.11.2/log4j-api-2.11.2.jar:/var/lib/jenkins/.m2/repository/org/slf4j/jul-to-slf4j/1.7.26/jul-to-slf4j-1.7.26.jar:/var/lib/jenkins/.m2/repository/javax/annotation/javax.annotation-api/1.3.2/javax.annotation-api-1.3.2.jar:/var/lib/jenkins/.m2/repository/org/yaml/snakeyaml/1.23/snakeyaml-1.23.jar:/var/lib/jenkins/.m2/repository/org/freemarker/freemarker/2.3.28/freemarker-2.3.28.jar:/var/lib/jenkins/.m2/repository/org/springframework/spring-context-support/5.1.7.RELEASE/spring-context-support-5.1.7.RELEASE.jar:/var/lib/jenkins/.m2/repository/org/springframework/spring-beans/5.1.7.RELEASE/spring-beans-5.1.7.RELEASE.jar:/var/lib/jenkins/.m2/repository/org/springframework/spring-context/5.1.7.RELEASE/spring-context-5.1.7.RELEASE.jar:/var/lib/jenkins/.m2/repository/org/springframework/boot/spring-boot-starter-thymeleaf/2.1.5.RELEASE/spring-boot-starter-thymeleaf-2.1.5.RELEASE.jar:/var/lib/jenkins/.m2/repository/org/thymeleaf/thymeleaf-spring5/3.0.11.RELEASE/thymeleaf-spring5-3.0.11.RELEASE.jar:/var/lib/jenkins/.m2/repository/org/thymeleaf/thymeleaf/3.0.11.RELEASE/thymeleaf-3.0.11.RELEASE.jar:/var/lib/jenkins/.m2/repository/org/attoparser/attoparser/2.0.5.RELEASE/attoparser-2.0.5.RELEASE.jar:/var/lib/jenkins/.m2/repository/org/unbescape/unbescape/1.1.6.RELEASE/unbescape-1.1.6.RELEASE.jar:/var/lib/jenkins/.m2/repository/org/thymeleaf/extras/thymeleaf-extras-java8time/3.0.4.RELEASE/thymeleaf-extras-java8time-3.0.4.RELEASE.jar:/var/lib/jenkins/.m2/repository/org/springframework/boot/spring-boot-starter-web/2.1.5.RELEASE/spring-boot-starter-web-2.1.5.RELEASE.jar:/var/lib/jenkins/.m2/repository/org/springframework/boot/spring-boot-starter-json/2.1.5.RELEASE/spring-boot-starter-json-2.1.5.RELEASE.jar:/var/lib/jenkins/.m2/repository/com/fasterxml/jackson/datatype/jackson-datatype-jdk8/2.9.8/jackson-datatype-jdk8-2.9.8.jar:/var/lib/jenkins/.m2/repository/com/fasterxml/jackson/datatype/jackson-datatype-jsr310/2.9.8/jackson-datatype-jsr310-2.9.8.jar:/var/lib/jenkins/.m2/repository/com/fasterxml/jackson/module/jackson-module-parameter-names/2.9.8/jackson-module-parameter-names-2.9.8.jar:/var/lib/jenkins/.m2/repository/org/springframework/boot/spring-boot-starter-tomcat/2.1.5.RELEASE/spring-boot-starter-tomcat-2.1.5.RELEASE.jar:/var/lib/jenkins/.m2/repository/org/apache/tomcat/embed/tomcat-embed-core/9.0.19/tomcat-embed-core-9.0.19.jar:/var/lib/jenkins/.m2/repository/org/apache/tomcat/embed/tomcat-embed-el/9.0.19/tomcat-embed-el-9.0.19.jar:/var/lib/jenkins/.m2/repository/org/apache/tomcat/embed/tomcat-embed-websocket/9.0.19/tomcat-embed-websocket-9.0.19.jar:/var/lib/jenkins/.m2/repository/org/hibernate/validator/hibernate-validator/6.0.16.Final/hibernate-validator-6.0.16.Final.jar:/var/lib/jenkins/.m2/repository/javax/validation/validation-api/2.0.1.Final/validation-api-2.0.1.Final.jar:/var/lib/jenkins/.m2/repository/org/jboss/logging/jboss-logging/3.3.2.Final/jboss-logging-3.3.2.Final.jar:/var/lib/jenkins/.m2/repository/com/fasterxml/classmate/1.4.0/classmate-1.4.0.jar:/var/lib/jenkins/.m2/repository/org/springframework/spring-web/5.1.7.RELEASE/spring-web-5.1.7.RELEASE.jar:/var/lib/jenkins/.m2/repository/org/springframework/spring-webmvc/5.1.7.RELEASE/spring-webmvc-5.1.7.RELEASE.jar:/var/lib/jenkins/.m2/repository/org/springframework/spring-aop/5.1.7.RELEASE/spring-aop-5.1.7.RELEASE.jar:/var/lib/jenkins/.m2/repository/org/springframework/spring-expression/5.1.7.RELEASE/spring-expression-5.1.7.RELEASE.jar:/var/lib/jenkins/.m2/repository/org/springframework/boot/spring-boot-devtools/2.1.5.RELEASE/spring-boot-devtools-2.1.5.RELEASE.jar:/var/lib/jenkins/.m2/repository/org/springframework/boot/spring-boot/2.1.5.RELEASE/spring-boot-2.1.5.RELEASE.jar:/var/lib/jenkins/.m2/repository/org/springframework/boot/spring-boot-autoconfigure/2.1.5.RELEASE/spring-boot-autoconfigure-2.1.5.RELEASE.jar:/var/lib/jenkins/.m2/repository/org/projectlombok/lombok/1.18.8/lombok-1.18.8.jar:/var/lib/jenkins/.m2/repository/org/springframework/boot/spring-boot-starter-test/2.1.5.RELEASE/spring-boot-starter-test-2.1.5.RELEASE.jar:/var/lib/jenkins/.m2/repository/org/springframework/boot/spring-boot-test/2.1.5.RELEASE/spring-boot-test-2.1.5.RELEASE.jar:/var/lib/jenkins/.m2/repository/org/springframework/boot/spring-boot-test-autoconfigure/2.1.5.RELEASE/spring-boot-test-autoconfigure-2.1.5.RELEASE.jar:/var/lib/jenkins/.m2/repository/com/jayway/jsonpath/json-path/2.4.0/json-path-2.4.0.jar:/var/lib/jenkins/.m2/repository/net/minidev/json-smart/2.3/json-smart-2.3.jar:/var/lib/jenkins/.m2/repository/net/minidev/accessors-smart/1.2/accessors-smart-1.2.jar:/var/lib/jenkins/.m2/repository/org/ow2/asm/asm/5.0.4/asm-5.0.4.jar:/var/lib/jenkins/.m2/repository/junit/junit/4.12/junit-4.12.jar:/var/lib/jenkins/.m2/repository/org/assertj/assertj-core/3.11.1/assertj-core-3.11.1.jar:/var/lib/jenkins/.m2/repository/org/mockito/mockito-core/2.23.4/mockito-core-2.23.4.jar:/var/lib/jenkins/.m2/repository/net/bytebuddy/byte-buddy/1.9.12/byte-buddy-1.9.12.jar:/var/lib/jenkins/.m2/repository/net/bytebuddy/byte-buddy-agent/1.9.12/byte-buddy-agent-1.9.12.jar:/var/lib/jenkins/.m2/repository/org/objenesis/objenesis/2.6/objenesis-2.6.jar:/var/lib/jenkins/.m2/repository/org/hamcrest/hamcrest-core/1.3/hamcrest-core-1.3.jar:/var/lib/jenkins/.m2/repository/org/hamcrest/hamcrest-library/1.3/hamcrest-library-1.3.jar:/var/lib/jenkins/.m2/repository/org/skyscreamer/jsonassert/1.5.0/jsonassert-1.5.0.jar:/var/lib/jenkins/.m2/repository/com/vaadin/external/google/android-json/0.0.20131108.vaadin1/android-json-0.0.20131108.vaadin1.jar:/var/lib/jenkins/.m2/repository/org/springframework/spring-core/5.1.7.RELEASE/spring-core-5.1.7.RELEASE.jar:/var/lib/jenkins/.m2/repository/org/springframework/spring-jcl/5.1.7.RELEASE/spring-jcl-5.1.7.RELEASE.jar:/var/lib/jenkins/.m2/repository/org/springframework/spring-test/5.1.7.RELEASE/spring-test-5.1.7.RELEASE.jar:/var/lib/jenkins/.m2/repository/org/xmlunit/xmlunit-core/2.6.2/xmlunit-core-2.6.2.jar:/var/lib/jenkins/.m2/repository/javax/xml/bind/jaxb-api/2.3.1/jaxb-api-2.3.1.jar:/var/lib/jenkins/.m2/repository/javax/activation/javax.activation-api/1.2.0/javax.activation-api-1.2.0.jar:"/>
    <property name="sun.cpu.endian" value="little"/>
    <property name="user.home" value="/var/lib/jenkins"/>
    <property name="user.language" value="en"/>
    <property name="java.specification.vendor" value="Oracle Corporation"/>
    <property name="java.version.date" value="2022-07-19"/>
    <property name="java.home" value="/usr/lib/jvm/java-11-openjdk-amd64"/>
    <property name="file.separator" value="/"/>
    <property name="basedir" value="/var/lib/jenkins/workspace/projet10"/>
    <property name="java.vm.compressedOopsMode" value="32-bit"/>
    <property name="line.separator" value="&#10;"/>
    <property name="java.specification.name" value="Java Platform API Specification"/>
    <property name="java.vm.specification.vendor" value="Oracle Corporation"/>
    <property name="java.awt.graphicsenv" value="sun.awt.X11GraphicsEnvironment"/>
    <property name="surefire.real.class.path" value="/var/lib/jenkins/workspace/projet10/target/surefire/surefirebooter11477715414626245350.jar"/>
    <property name="sun.management.compiler" value="HotSpot 64-Bit Tiered Compilers"/>
    <property name="java.runtime.version" value="11.0.16+8-post-Ubuntu-0ubuntu120.04"/>
    <property name="user.name" value="jenkins"/>
    <property name="path.separator" value=":"/>
    <property name="os.version" value="5.15.0-1020-aws"/>
    <property name="java.runtime.name" value="OpenJDK Runtime Environment"/>
    <property name="file.encoding" value="UTF-8"/>
    <property name="java.vm.name" value="OpenJDK 64-Bit Server VM"/>
    <property name="localRepository" value="/var/lib/jenkins/.m2/repository"/>
    <property name="java.vendor.url.bug" value="https://bugs.launchpad.net/ubuntu/+source/openjdk-lts"/>
    <property name="java.io.tmpdir" value="/tmp"/>
    <property name="java.version" value="11.0.16"/>
    <property name="user.dir" value="/var/lib/jenkins/workspace/projet10"/>
    <property name="os.arch" value="amd64"/>
    <property name="java.vm.specification.name" value="Java Virtual Machine Specification"/>
    <property name="java.awt.printerjob" value="sun.print.PSPrinterJob"/>
    <property name="sun.os.patch.level" value="unknown"/>
    <property name="java.library.path" value="/usr/java/packages/lib:/usr/lib/x86_64-linux-gnu/jni:/lib/x86_64-linux-gnu:/usr/lib/x86_64-linux-gnu:/usr/lib/jni:/lib:/usr/lib"/>
    <property name="java.vm.info" value="mixed mode, sharing"/>
    <property name="java.vendor" value="Ubuntu"/>
    <property name="java.vm.version" value="11.0.16+8-post-Ubuntu-0ubuntu120.04"/>
    <property name="sun.io.unicode.encoding" value="UnicodeLittle"/>
    <property name="java.class.version" value="55.0"/>
  </properties>
  <testcase name="contextLoads" classname="com.devops.monitoring.monitoringApplicationTests" time="0.276"/>
</testsuite>